0 info it worked if it ends with ok
1 verbose cli [ '/usr/bin/node', '/usr/bin/npm', 'publish', '--access=public' ]
2 info using npm@3.5.2
3 info using node@v8.10.0
4 verbose publish [ '.' ]
5 silly cache add args [ '.', null ]
6 verbose cache add spec .
7 silly cache add parsed spec Result {
7 silly cache add   raw: '.',
7 silly cache add   scope: null,
7 silly cache add   name: null,
7 silly cache add   rawSpec: '.',
7 silly cache add   spec: '/home/econcept/Escritorio/platzom',
7 silly cache add   type: 'directory' }
8 verbose addLocalDirectory /home/econcept/.npm/@desa-platzi/platzom/0.1.0/package.tgz not in flight; packing
9 info lifecycle @desa-platzi/platzom@0.1.0~prepublish: @desa-platzi/platzom@0.1.0
10 silly lifecycle @desa-platzi/platzom@0.1.0~prepublish: no script for prepublish, continuing
11 verbose tar pack [ '/home/econcept/.npm/@desa-platzi/platzom/0.1.0/package.tgz',
11 verbose tar pack   '/home/econcept/Escritorio/platzom' ]
12 verbose tarball /home/econcept/.npm/@desa-platzi/platzom/0.1.0/package.tgz
13 verbose folder /home/econcept/Escritorio/platzom
14 verbose addLocalTarball adding from inside cache /home/econcept/.npm/@desa-platzi/platzom/0.1.0/package.tgz
15 silly cache afterAdd @desa-platzi/platzom@0.1.0
16 verbose afterAdd /home/econcept/.npm/@desa-platzi/platzom/0.1.0/package/package.json not in flight; writing
17 verbose afterAdd /home/econcept/.npm/@desa-platzi/platzom/0.1.0/package/package.json written
18 silly publish { name: '@desa-platzi/platzom',
18 silly publish   version: '0.1.0',
18 silly publish   description: 'Traductor de idioma platzom',
18 silly publish   main: 'dist/src/platzom.js',
18 silly publish   scripts: { build: 'babel src/platzom.js -d dist', test: 'mocha' },
18 silly publish   repository:
18 silly publish    { type: 'git',
18 silly publish      url: 'git+https://github.com/desa-platzi/platzom.git' },
18 silly publish   keywords: [ 'platzom', 'platzi', 'fundamentos', 'javasript', 'js' ],
18 silly publish   author:
18 silly publish    { name: 'Freddy Pereira',
18 silly publish      email: 'desa@look4plan.com',
18 silly publish      url: 'https://www.facebook.com/profile.php?id=100001084769166' },
18 silly publish   license: 'MIT',
18 silly publish   bugs: { url: 'https://github.com/desa-platzi/platzom/issues' },
18 silly publish   homepage: 'https://github.com/desa-platzi/platzom#readme',
18 silly publish   devDependencies:
18 silly publish    { 'babel-cli': '^6.26.0',
18 silly publish      'babel-preset-env': '^1.7.0',
18 silly publish      chai: '^4.1.2',
18 silly publish      mocha: '^5.2.0' },
18 silly publish   readme: '# Platzom\n\nPlatzom es un idioma inventado para el [Curso de Fundamentos de JavaScript](https://platzi.com/js) de [Platzi](https://platzi.com), el mejor lugar de educación online\n\n## Descripción del idioma\n\n- Si la palabra termina con "ar", se le quitan esas dos letras\n- Si la palabra inicia con Z, se le añade "pe" al final\n- Si la palabra traducida tiene 10 o más letras, se debe partir en dos por la mitad y unir con un guión medio\n- Por último, si la palabra original es un palíndromo, ninguna regla anterior cuenta y se devuelve la misma palabra pero intercalando letras mayúsculas y minúsculas\n\n## Instalación\n\n```\nnpm install platzom\n```\n\n## Uso\n\n```\nimport platzom from \'platzom\'\n\nplatzom("Programar") // Program\nplatzom("Zorro") // Zorrope\nplatzom("Zarpar") // Zarppe\nplatzom("abecedario") // abece-dario\nplatzom("sometemos") // SoMeTeMoS\n```\n\n## Créditos\n- [Sacha Lifszyc](https://twitter.com/@slifszyc)\n\n## Licencia\n\n[MIT](https://opensource.org/licenses/MIT)',
18 silly publish   readmeFilename: 'README.MD',
18 silly publish   gitHead: '61596d3f98260482cd90a48901beec47be62948a',
18 silly publish   _id: '@desa-platzi/platzom@0.1.0',
18 silly publish   _shasum: 'f53f4c8485424818734487637cbed5af7656ee03',
18 silly publish   _from: '.' }
19 verbose getPublishConfig undefined
20 silly mapToRegistry name @desa-platzi/platzom
21 silly mapToRegistry scope (from package name) @desa-platzi
22 verbose mapToRegistry no registry URL found in name for scope @desa-platzi
23 silly mapToRegistry scope (from config) @username
24 verbose mapToRegistry no registry URL found in config for scope @username
25 silly mapToRegistry using default registry
26 silly mapToRegistry registry https://registry.npmjs.org/
27 silly mapToRegistry uri https://registry.npmjs.org/@desa-platzi%2fplatzom
28 verbose publish registryBase https://registry.npmjs.org/
29 silly publish uploading /home/econcept/.npm/@desa-platzi/platzom/0.1.0/package.tgz
30 verbose request uri https://registry.npmjs.org/@desa-platzi%2fplatzom
31 verbose request sending authorization for write operation
32 info attempt registry request try #1 at 5:58:32 PM
33 verbose request using bearer token for auth
34 verbose request id c68e8c9d7e74a0c9
35 http request PUT https://registry.npmjs.org/@desa-platzi%2fplatzom
36 http 403 https://registry.npmjs.org/@desa-platzi%2fplatzom
37 verbose headers { date: 'Fri, 03 Aug 2018 22:58:33 GMT',
37 verbose headers   'content-type': 'application/json',
37 verbose headers   'transfer-encoding': 'chunked',
37 verbose headers   connection: 'keep-alive',
37 verbose headers   'set-cookie':
37 verbose headers    [ '__cfduid=daacb9aaef98da0868f40ebe411b6a5041533337112; expires=Sat, 03-Aug-19 22:58:32 GMT; path=/; domain=.registry.npmjs.org; HttpOnly' ],
37 verbose headers   'cf-ray': '444c63b87afdb554-BOG',
37 verbose headers   'expect-ct': 'max-age=604800, report-uri="https://report-uri.cloudflare.com/cdn-cgi/beacon/expect-ct"',
37 verbose headers   server: 'cloudflare',
37 verbose headers   'content-encoding': 'gzip' }
38 verbose request invalidating /home/econcept/.npm/registry.npmjs.org/_40desa-platzi_252fplatzom on PUT
39 error publish Failed PUT 403
40 verbose stack Error: you must verify your email before publishing a new package: https://www.npmjs.com/email-edit : @desa-platzi/platzom
40 verbose stack     at makeError (/usr/share/npm/node_modules/npm-registry-client/lib/request.js:264:12)
40 verbose stack     at CachingRegistryClient.<anonymous> (/usr/share/npm/node_modules/npm-registry-client/lib/request.js:252:14)
40 verbose stack     at /usr/share/npm/node_modules/npm-registry-client/lib/request.js:178:7
40 verbose stack     at Gunzip.onEnd (zlib.js:131:5)
40 verbose stack     at emitNone (events.js:111:20)
40 verbose stack     at Gunzip.emit (events.js:208:7)
40 verbose stack     at endReadableNT (_stream_readable.js:1064:12)
40 verbose stack     at _combinedTickCallback (internal/process/next_tick.js:138:11)
40 verbose stack     at process._tickCallback (internal/process/next_tick.js:180:9)
41 verbose statusCode 403
42 verbose pkgid @desa-platzi/platzom
43 verbose cwd /home/econcept/Escritorio/platzom
44 error Linux 4.15.0-29-generic
45 error argv "/usr/bin/node" "/usr/bin/npm" "publish" "--access=public"
46 error node v8.10.0
47 error npm  v3.5.2
48 error code E403
49 error you must verify your email before publishing a new package: https://www.npmjs.com/email-edit : @desa-platzi/platzom
50 error If you need help, you may report this error at:
50 error     <https://github.com/npm/npm/issues>
51 verbose exit [ 1, true ]
